[20-Oct-2025 16:20:09 UTC] PHP Warning:  require(D:\Cake Website\wp-content\themes\chloe_pallete\typerocket/vendor/autoload.php): failed to open stream: No such file or directory in D:\Cake Website\wp-content\themes\chloe_pallete\typerocket\init.php on line 26
[20-Oct-2025 16:20:09 UTC] PHP Fatal error:  require(): Failed opening required 'D:\Cake Website\wp-content\themes\chloe_pallete\typerocket/vendor/autoload.php' (include_path='.;C:\php\pear') in D:\Cake Website\wp-content\themes\chloe_pallete\typerocket\init.php on line 26
[20-Oct-2025 16:20:09 UTC] PHP Warning:  require(D:\Cake Website\wp-content\themes\chloe_pallete\typerocket/vendor/autoload.php): failed to open stream: No such file or directory in D:\Cake Website\wp-content\themes\chloe_pallete\typerocket\init.php on line 26
[20-Oct-2025 16:20:09 UTC] PHP Fatal error:  require(): Failed opening required 'D:\Cake Website\wp-content\themes\chloe_pallete\typerocket/vendor/autoload.php' (include_path='.;C:\php\pear') in D:\Cake Website\wp-content\themes\chloe_pallete\typerocket\init.php on line 26
[20-Oct-2025 16:34:06 UTC] PHP Notice:  Trying to access array offset on value of type bool in D:\Cake Website\wp-content\themes\chloe_pallete\partials\section-banner.php on line 6
[20-Oct-2025 16:34:07 UTC] PHP Notice:  Trying to access array offset on value of type bool in D:\Cake Website\wp-content\themes\chloe_pallete\partials\section-banner.php on line 6
[20-Oct-2025 16:34:10 UTC] PHP Notice:  Trying to access array offset on value of type bool in D:\Cake Website\wp-content\themes\chloe_pallete\partials\section-banner.php on line 6
[20-Oct-2025 16:37:14 UTC] PHP Notice:  Trying to access array offset on value of type bool in D:\Cake Website\wp-content\themes\chloe_pallete\partials\section-banner.php on line 6
[20-Oct-2025 16:37:38 UTC] PHP Notice:  Trying to access array offset on value of type bool in D:\Cake Website\wp-content\themes\chloe_pallete\partials\section-banner.php on line 6
[20-Oct-2025 16:37:41 UTC] PHP Notice:  Trying to access array offset on value of type bool in D:\Cake Website\wp-content\themes\chloe_pallete\partials\section-banner.php on line 6
[21-Oct-2025 09:36:11 UTC] PHP Warning:  require(D:\Chloe_website\wp-content\themes\chloe_pallete\typerocket/vendor/autoload.php): failed to open stream: No such file or directory in D:\Chloe_website\wp-content\themes\chloe_pallete\typerocket\init.php on line 26
[21-Oct-2025 09:36:11 UTC] PHP Fatal error:  require(): Failed opening required 'D:\Chloe_website\wp-content\themes\chloe_pallete\typerocket/vendor/autoload.php' (include_path='.;C:\php\pear') in D:\Chloe_website\wp-content\themes\chloe_pallete\typerocket\init.php on line 26
[21-Oct-2025 09:36:11 UTC] PHP Notice:  Function _load_textdomain_just_in_time được gọi <strong>không chính xác</strong>. Tải bản dịch cho miền <code>chloe_pallete</code> được kích hoạt quá sớm. Đây thường là dấu hiệu cho thấy một số mã trong plugin hoặc chủ đề chạy quá sớm. Bản dịch phải được tải tại hành động <code>init</code> hoặc sau đó. Vui lòng xem <a href="https://developer.wordpress.org/advanced-administration/debug/debug-wordpress/">Hướng dẫn Debug trong WordPress</a> để biết thêm thông tin. (Thông điệp này đã được thêm vào trong phiên bản 6.7.0.) in D:\Chloe_website\wp-includes\functions.php on line 6121
[21-Oct-2025 09:36:11 UTC] PHP Notice:  Trying to access array offset on value of type bool in D:\Chloe_website\wp-includes\class-wp-recovery-mode-email-service.php on line 367
[21-Oct-2025 09:36:11 UTC] PHP Notice:  Trying to access array offset on value of type bool in D:\Chloe_website\wp-includes\class-wp-recovery-mode-email-service.php on line 368
[21-Oct-2025 15:09:55 UTC] PHP Warning:  require(D:\Chloe_website\wp-content\themes\chloe_pallete\typerocket/vendor/autoload.php): failed to open stream: No such file or directory in D:\Chloe_website\wp-content\themes\chloe_pallete\typerocket\init.php on line 26
[21-Oct-2025 15:09:55 UTC] PHP Fatal error:  require(): Failed opening required 'D:\Chloe_website\wp-content\themes\chloe_pallete\typerocket/vendor/autoload.php' (include_path='.;C:\php\pear') in D:\Chloe_website\wp-content\themes\chloe_pallete\typerocket\init.php on line 26
[21-Oct-2025 15:09:55 UTC] PHP Warning:  require(D:\Chloe_website\wp-content\themes\chloe_pallete\typerocket/vendor/autoload.php): failed to open stream: No such file or directory in D:\Chloe_website\wp-content\themes\chloe_pallete\typerocket\init.php on line 26
[21-Oct-2025 15:09:55 UTC] PHP Fatal error:  require(): Failed opening required 'D:\Chloe_website\wp-content\themes\chloe_pallete\typerocket/vendor/autoload.php' (include_path='.;C:\php\pear') in D:\Chloe_website\wp-content\themes\chloe_pallete\typerocket\init.php on line 26
[21-Oct-2025 15:09:57 UTC] PHP Warning:  require(D:\Chloe_website\wp-content\themes\chloe_pallete\typerocket/vendor/autoload.php): failed to open stream: No such file or directory in D:\Chloe_website\wp-content\themes\chloe_pallete\typerocket\init.php on line 26
[21-Oct-2025 15:09:57 UTC] PHP Fatal error:  require(): Failed opening required 'D:\Chloe_website\wp-content\themes\chloe_pallete\typerocket/vendor/autoload.php' (include_path='.;C:\php\pear') in D:\Chloe_website\wp-content\themes\chloe_pallete\typerocket\init.php on line 26
[21-Oct-2025 15:09:58 UTC] PHP Warning:  require(D:\Chloe_website\wp-content\themes\chloe_pallete\typerocket/vendor/autoload.php): failed to open stream: No such file or directory in D:\Chloe_website\wp-content\themes\chloe_pallete\typerocket\init.php on line 26
[21-Oct-2025 15:09:58 UTC] PHP Fatal error:  require(): Failed opening required 'D:\Chloe_website\wp-content\themes\chloe_pallete\typerocket/vendor/autoload.php' (include_path='.;C:\php\pear') in D:\Chloe_website\wp-content\themes\chloe_pallete\typerocket\init.php on line 26
[21-Oct-2025 15:09:59 UTC] PHP Warning:  require(D:\Chloe_website\wp-content\themes\chloe_pallete\typerocket/vendor/autoload.php): failed to open stream: No such file or directory in D:\Chloe_website\wp-content\themes\chloe_pallete\typerocket\init.php on line 26
[21-Oct-2025 15:09:59 UTC] PHP Fatal error:  require(): Failed opening required 'D:\Chloe_website\wp-content\themes\chloe_pallete\typerocket/vendor/autoload.php' (include_path='.;C:\php\pear') in D:\Chloe_website\wp-content\themes\chloe_pallete\typerocket\init.php on line 26
[21-Oct-2025 15:09:59 UTC] PHP Warning:  require(D:\Chloe_website\wp-content\themes\chloe_pallete\typerocket/vendor/autoload.php): failed to open stream: No such file or directory in D:\Chloe_website\wp-content\themes\chloe_pallete\typerocket\init.php on line 26
[21-Oct-2025 15:09:59 UTC] PHP Fatal error:  require(): Failed opening required 'D:\Chloe_website\wp-content\themes\chloe_pallete\typerocket/vendor/autoload.php' (include_path='.;C:\php\pear') in D:\Chloe_website\wp-content\themes\chloe_pallete\typerocket\init.php on line 26
[21-Oct-2025 15:10:00 UTC] PHP Warning:  require(D:\Chloe_website\wp-content\themes\chloe_pallete\typerocket/vendor/autoload.php): failed to open stream: No such file or directory in D:\Chloe_website\wp-content\themes\chloe_pallete\typerocket\init.php on line 26
[21-Oct-2025 15:10:00 UTC] PHP Fatal error:  require(): Failed opening required 'D:\Chloe_website\wp-content\themes\chloe_pallete\typerocket/vendor/autoload.php' (include_path='.;C:\php\pear') in D:\Chloe_website\wp-content\themes\chloe_pallete\typerocket\init.php on line 26
[21-Oct-2025 15:10:01 UTC] PHP Warning:  require(D:\Chloe_website\wp-content\themes\chloe_pallete\typerocket/vendor/autoload.php): failed to open stream: No such file or directory in D:\Chloe_website\wp-content\themes\chloe_pallete\typerocket\init.php on line 26
[21-Oct-2025 15:10:01 UTC] PHP Fatal error:  require(): Failed opening required 'D:\Chloe_website\wp-content\themes\chloe_pallete\typerocket/vendor/autoload.php' (include_path='.;C:\php\pear') in D:\Chloe_website\wp-content\themes\chloe_pallete\typerocket\init.php on line 26
[21-Oct-2025 15:10:02 UTC] PHP Warning:  require(D:\Chloe_website\wp-content\themes\chloe_pallete\typerocket/vendor/autoload.php): failed to open stream: No such file or directory in D:\Chloe_website\wp-content\themes\chloe_pallete\typerocket\init.php on line 26
[21-Oct-2025 15:10:02 UTC] PHP Fatal error:  require(): Failed opening required 'D:\Chloe_website\wp-content\themes\chloe_pallete\typerocket/vendor/autoload.php' (include_path='.;C:\php\pear') in D:\Chloe_website\wp-content\themes\chloe_pallete\typerocket\init.php on line 26
[21-Oct-2025 15:10:02 UTC] PHP Warning:  require(D:\Chloe_website\wp-content\themes\chloe_pallete\typerocket/vendor/autoload.php): failed to open stream: No such file or directory in D:\Chloe_website\wp-content\themes\chloe_pallete\typerocket\init.php on line 26
[21-Oct-2025 15:10:02 UTC] PHP Fatal error:  require(): Failed opening required 'D:\Chloe_website\wp-content\themes\chloe_pallete\typerocket/vendor/autoload.php' (include_path='.;C:\php\pear') in D:\Chloe_website\wp-content\themes\chloe_pallete\typerocket\init.php on line 26
[21-Oct-2025 15:10:03 UTC] PHP Warning:  require(D:\Chloe_website\wp-content\themes\chloe_pallete\typerocket/vendor/autoload.php): failed to open stream: No such file or directory in D:\Chloe_website\wp-content\themes\chloe_pallete\typerocket\init.php on line 26
[21-Oct-2025 15:10:03 UTC] PHP Fatal error:  require(): Failed opening required 'D:\Chloe_website\wp-content\themes\chloe_pallete\typerocket/vendor/autoload.php' (include_path='.;C:\php\pear') in D:\Chloe_website\wp-content\themes\chloe_pallete\typerocket\init.php on line 26
[21-Oct-2025 15:10:03 UTC] PHP Warning:  require(D:\Chloe_website\wp-content\themes\chloe_pallete\typerocket/vendor/autoload.php): failed to open stream: No such file or directory in D:\Chloe_website\wp-content\themes\chloe_pallete\typerocket\init.php on line 26
[21-Oct-2025 15:10:03 UTC] PHP Fatal error:  require(): Failed opening required 'D:\Chloe_website\wp-content\themes\chloe_pallete\typerocket/vendor/autoload.php' (include_path='.;C:\php\pear') in D:\Chloe_website\wp-content\themes\chloe_pallete\typerocket\init.php on line 26
[21-Oct-2025 15:10:06 UTC] PHP Warning:  require(D:\Chloe_website\wp-content\themes\chloe_pallete\typerocket/vendor/autoload.php): failed to open stream: No such file or directory in D:\Chloe_website\wp-content\themes\chloe_pallete\typerocket\init.php on line 26
[21-Oct-2025 15:10:06 UTC] PHP Fatal error:  require(): Failed opening required 'D:\Chloe_website\wp-content\themes\chloe_pallete\typerocket/vendor/autoload.php' (include_path='.;C:\php\pear') in D:\Chloe_website\wp-content\themes\chloe_pallete\typerocket\init.php on line 26
[21-Oct-2025 15:10:07 UTC] PHP Warning:  require(D:\Chloe_website\wp-content\themes\chloe_pallete\typerocket/vendor/autoload.php): failed to open stream: No such file or directory in D:\Chloe_website\wp-content\themes\chloe_pallete\typerocket\init.php on line 26
[21-Oct-2025 15:10:07 UTC] PHP Fatal error:  require(): Failed opening required 'D:\Chloe_website\wp-content\themes\chloe_pallete\typerocket/vendor/autoload.php' (include_path='.;C:\php\pear') in D:\Chloe_website\wp-content\themes\chloe_pallete\typerocket\init.php on line 26
[21-Oct-2025 15:10:15 UTC] PHP Warning:  require(D:\Chloe_website\wp-content\themes\chloe_pallete\typerocket/vendor/autoload.php): failed to open stream: No such file or directory in D:\Chloe_website\wp-content\themes\chloe_pallete\typerocket\init.php on line 26
[21-Oct-2025 15:10:15 UTC] PHP Fatal error:  require(): Failed opening required 'D:\Chloe_website\wp-content\themes\chloe_pallete\typerocket/vendor/autoload.php' (include_path='.;C:\php\pear') in D:\Chloe_website\wp-content\themes\chloe_pallete\typerocket\init.php on line 26
[21-Oct-2025 15:10:16 UTC] PHP Warning:  require(D:\Chloe_website\wp-content\themes\chloe_pallete\typerocket/vendor/autoload.php): failed to open stream: No such file or directory in D:\Chloe_website\wp-content\themes\chloe_pallete\typerocket\init.php on line 26
[21-Oct-2025 15:10:16 UTC] PHP Fatal error:  require(): Failed opening required 'D:\Chloe_website\wp-content\themes\chloe_pallete\typerocket/vendor/autoload.php' (include_path='.;C:\php\pear') in D:\Chloe_website\wp-content\themes\chloe_pallete\typerocket\init.php on line 26
[21-Oct-2025 15:14:36 UTC] PHP Notice:  Trying to access array offset on value of type bool in D:\Chloe_website\wp-content\themes\chloe_pallete\partials\section-banner.php on line 6
[21-Oct-2025 15:14:36 UTC] PHP Notice:  Undefined variable: share_link in D:\Chloe_website\wp-content\themes\chloe_pallete\page.php on line 52
[21-Oct-2025 15:14:36 UTC] PHP Notice:  Undefined variable: share_link in D:\Chloe_website\wp-content\themes\chloe_pallete\page.php on line 55
[21-Oct-2025 15:16:49 UTC] PHP Notice:  Trying to access array offset on value of type bool in D:\Chloe_website\wp-content\themes\chloe_pallete\partials\section-banner.php on line 6
[21-Oct-2025 15:16:49 UTC] PHP Notice:  Undefined variable: share_link in D:\Chloe_website\wp-content\themes\chloe_pallete\page.php on line 52
[21-Oct-2025 15:16:49 UTC] PHP Notice:  Undefined variable: share_link in D:\Chloe_website\wp-content\themes\chloe_pallete\page.php on line 55
[21-Oct-2025 15:18:26 UTC] PHP Notice:  Trying to access array offset on value of type bool in D:\Chloe_website\wp-content\themes\chloe_pallete\partials\section-banner.php on line 6
[21-Oct-2025 15:18:26 UTC] PHP Notice:  Undefined variable: share_link in D:\Chloe_website\wp-content\themes\chloe_pallete\page.php on line 52
[21-Oct-2025 15:18:26 UTC] PHP Notice:  Undefined variable: share_link in D:\Chloe_website\wp-content\themes\chloe_pallete\page.php on line 55
[21-Oct-2025 15:23:30 UTC] PHP Notice:  Trying to access array offset on value of type bool in D:\Chloe_website\wp-content\themes\chloe_pallete\partials\section-banner.php on line 6
[21-Oct-2025 15:23:30 UTC] PHP Notice:  Undefined variable: share_link in D:\Chloe_website\wp-content\themes\chloe_pallete\page.php on line 52
[21-Oct-2025 15:23:30 UTC] PHP Notice:  Undefined variable: share_link in D:\Chloe_website\wp-content\themes\chloe_pallete\page.php on line 55
[23-Oct-2025 07:10:13 UTC] PHP Parse error:  syntax error, unexpected '" alt="' (T_CONSTANT_ENCAPSED_STRING) in D:\Chloe_website\wp-content\themes\chloe_pallete\page-templates\shop.php on line 27
[25-Oct-2025 09:09:00 UTC] PHP Notice:  Trying to access array offset on value of type null in D:\CuaSatWebsite\wp-content\themes\chloe_pallete\typerocket\vendor\typerocket\core\src\Http\Responders\PostsResponder.php on line 40
[25-Oct-2025 09:10:45 UTC] PHP Notice:  Trying to access array offset on value of type null in D:\CuaSatWebsite\wp-content\themes\chloe_pallete\typerocket\vendor\typerocket\core\src\Http\Responders\PostsResponder.php on line 40
[25-Oct-2025 09:10:45 UTC] PHP Notice:  Trying to access array offset on value of type null in D:\CuaSatWebsite\wp-content\themes\chloe_pallete\typerocket\vendor\typerocket\core\src\Http\Responders\PostsResponder.php on line 40
[25-Oct-2025 09:10:45 UTC] PHP Notice:  Trying to access array offset on value of type null in D:\CuaSatWebsite\wp-content\themes\chloe_pallete\typerocket\vendor\typerocket\core\src\Http\Responders\PostsResponder.php on line 40
[25-Oct-2025 09:10:45 UTC] PHP Notice:  Trying to access array offset on value of type null in D:\CuaSatWebsite\wp-content\themes\chloe_pallete\typerocket\vendor\typerocket\core\src\Http\Responders\PostsResponder.php on line 40
[25-Oct-2025 09:29:21 UTC] PHP Notice:  Trying to access array offset on value of type null in D:\CuaSatWebsite\wp-content\themes\chloe_pallete\typerocket\vendor\typerocket\core\src\Http\Responders\PostsResponder.php on line 40
[25-Oct-2025 09:29:21 UTC] PHP Notice:  Trying to access array offset on value of type null in D:\CuaSatWebsite\wp-content\themes\chloe_pallete\typerocket\vendor\typerocket\core\src\Http\Responders\PostsResponder.php on line 40
[25-Oct-2025 09:29:21 UTC] PHP Notice:  Trying to access array offset on value of type null in D:\CuaSatWebsite\wp-content\themes\chloe_pallete\typerocket\vendor\typerocket\core\src\Http\Responders\PostsResponder.php on line 40
[25-Oct-2025 09:58:38 UTC] PHP Notice:  Trying to access array offset on value of type null in D:\CuaSatWebsite\wp-content\themes\chloe_pallete\typerocket\vendor\typerocket\core\src\Http\Responders\PostsResponder.php on line 40
[25-Oct-2025 09:59:35 UTC] PHP Notice:  Trying to access array offset on value of type null in D:\CuaSatWebsite\wp-content\themes\chloe_pallete\typerocket\vendor\typerocket\core\src\Http\Responders\PostsResponder.php on line 40
[25-Oct-2025 09:59:35 UTC] PHP Notice:  Trying to access array offset on value of type null in D:\CuaSatWebsite\wp-content\themes\chloe_pallete\typerocket\vendor\typerocket\core\src\Http\Responders\PostsResponder.php on line 40
[25-Oct-2025 10:05:47 UTC] PHP Notice:  Trying to access array offset on value of type null in D:\CuaSatWebsite\wp-content\themes\chloe_pallete\typerocket\vendor\typerocket\core\src\Http\Responders\PostsResponder.php on line 40
[25-Oct-2025 10:06:08 UTC] PHP Notice:  Trying to access array offset on value of type null in D:\CuaSatWebsite\wp-content\themes\chloe_pallete\typerocket\vendor\typerocket\core\src\Http\Responders\PostsResponder.php on line 40
[25-Oct-2025 10:07:08 UTC] PHP Notice:  Trying to access array offset on value of type null in D:\CuaSatWebsite\wp-content\themes\chloe_pallete\typerocket\vendor\typerocket\core\src\Http\Responders\PostsResponder.php on line 40
[25-Oct-2025 10:07:41 UTC] PHP Notice:  Trying to access array offset on value of type null in D:\CuaSatWebsite\wp-content\themes\chloe_pallete\typerocket\vendor\typerocket\core\src\Http\Responders\PostsResponder.php on line 40
[25-Oct-2025 10:08:06 UTC] PHP Notice:  Trying to access array offset on value of type null in D:\CuaSatWebsite\wp-content\themes\chloe_pallete\typerocket\vendor\typerocket\core\src\Http\Responders\PostsResponder.php on line 40
[25-Oct-2025 10:08:06 UTC] PHP Notice:  Trying to access array offset on value of type null in D:\CuaSatWebsite\wp-content\themes\chloe_pallete\typerocket\vendor\typerocket\core\src\Http\Responders\PostsResponder.php on line 40
[25-Oct-2025 10:08:19 UTC] PHP Notice:  Trying to access array offset on value of type null in D:\CuaSatWebsite\wp-content\themes\chloe_pallete\typerocket\vendor\typerocket\core\src\Http\Responders\PostsResponder.php on line 40
[25-Oct-2025 10:08:19 UTC] PHP Notice:  Trying to access array offset on value of type null in D:\CuaSatWebsite\wp-content\themes\chloe_pallete\typerocket\vendor\typerocket\core\src\Http\Responders\PostsResponder.php on line 40
[25-Oct-2025 10:10:01 UTC] PHP Notice:  Trying to access array offset on value of type null in D:\CuaSatWebsite\wp-content\themes\chloe_pallete\typerocket\vendor\typerocket\core\src\Http\Responders\PostsResponder.php on line 40
[25-Oct-2025 10:10:04 UTC] PHP Notice:  Trying to access array offset on value of type null in D:\CuaSatWebsite\wp-content\themes\chloe_pallete\typerocket\vendor\typerocket\core\src\Http\Responders\PostsResponder.php on line 40
[25-Oct-2025 10:10:11 UTC] PHP Notice:  Trying to access array offset on value of type null in D:\CuaSatWebsite\wp-content\themes\chloe_pallete\typerocket\vendor\typerocket\core\src\Http\Responders\PostsResponder.php on line 40
[25-Oct-2025 10:10:20 UTC] PHP Notice:  Trying to access array offset on value of type null in D:\CuaSatWebsite\wp-content\themes\chloe_pallete\typerocket\vendor\typerocket\core\src\Http\Responders\PostsResponder.php on line 40
[25-Oct-2025 10:13:25 UTC] PHP Notice:  Trying to access array offset on value of type null in D:\CuaSatWebsite\wp-content\themes\chloe_pallete\typerocket\vendor\typerocket\core\src\Http\Responders\PostsResponder.php on line 40
[25-Oct-2025 10:13:34 UTC] PHP Notice:  Trying to access array offset on value of type null in D:\CuaSatWebsite\wp-content\themes\chloe_pallete\typerocket\vendor\typerocket\core\src\Http\Responders\PostsResponder.php on line 40
[26-Oct-2025 08:50:05 UTC] PHP Warning:  mysqli_real_connect(): (HY000/1045): Access denied for user 'h9c1fda5b3_wp_suacuasat_vn'@'localhost' (using password: YES) in D:\CuaSatWebsite\wp-includes\class-wpdb.php on line 1988
[26-Oct-2025 08:50:05 UTC] PHP Warning:  mysqli_real_connect(): (HY000/1045): Access denied for user 'h9c1fda5b3_wp_suacuasat_vn'@'localhost' (using password: YES) in D:\CuaSatWebsite\wp-includes\class-wpdb.php on line 1988
[27-Oct-2025 09:25:58 UTC] PHP Warning:  wp_update_themes(): Đã xảy ra lỗi không mong muốn. Có thể có sự cố với WordPress.org hoặc cấu hình của máy chủ. Nếu bạn tiếp tục gặp sự cố, vui lòng thử hỏi trong <a href="https://wordpress.org/support/forums/">diễn đàn hỗ trợ</a>. (WordPress không thể thiết lập kết nối an toàn tới WordPress.org. Vui lòng liên hệ quản trị máy chủ của bạn.) in D:\CuaSatWebsite\wp-includes\functions.php on line 6121
[27-Oct-2025 17:26:43 UTC] PHP Notice:  Undefined index: des in D:\CuaSatWebsite\wp-content\themes\chloe_pallete\page-templates\homepage.php on line 150
[27-Oct-2025 17:26:43 UTC] PHP Notice:  Undefined index: des in D:\CuaSatWebsite\wp-content\themes\chloe_pallete\page-templates\homepage.php on line 150
[27-Oct-2025 17:26:43 UTC] PHP Notice:  Undefined index: des in D:\CuaSatWebsite\wp-content\themes\chloe_pallete\page-templates\homepage.php on line 150
[27-Oct-2025 17:26:43 UTC] PHP Notice:  Undefined index: des in D:\CuaSatWebsite\wp-content\themes\chloe_pallete\page-templates\homepage.php on line 150
[27-Oct-2025 17:29:23 UTC] PHP Notice:  Undefined index: des in D:\CuaSatWebsite\wp-content\themes\chloe_pallete\page-templates\homepage.php on line 150
[27-Oct-2025 17:29:23 UTC] PHP Notice:  Undefined index: des in D:\CuaSatWebsite\wp-content\themes\chloe_pallete\page-templates\homepage.php on line 150
[27-Oct-2025 17:29:23 UTC] PHP Notice:  Undefined index: des in D:\CuaSatWebsite\wp-content\themes\chloe_pallete\page-templates\homepage.php on line 150
[27-Oct-2025 17:29:23 UTC] PHP Notice:  Undefined index: des in D:\CuaSatWebsite\wp-content\themes\chloe_pallete\page-templates\homepage.php on line 150
[28-Oct-2025 16:57:05 UTC] PHP Notice:  Trying to access array offset on value of type null in D:\CuaSatWebsite\wp-content\themes\chloe_pallete\typerocket\vendor\typerocket\core\src\Http\Responders\PostsResponder.php on line 40
[28-Oct-2025 16:57:05 UTC] PHP Notice:  Trying to access array offset on value of type null in D:\CuaSatWebsite\wp-content\themes\chloe_pallete\typerocket\vendor\typerocket\core\src\Http\Responders\PostsResponder.php on line 40
[28-Oct-2025 16:57:05 UTC] PHP Notice:  Trying to access array offset on value of type null in D:\CuaSatWebsite\wp-content\themes\chloe_pallete\typerocket\vendor\typerocket\core\src\Http\Responders\PostsResponder.php on line 40
[29-Oct-2025 03:57:56 UTC] PHP Notice:  Undefined variable: categories in D:\CuaSatWebsite\wp-content\themes\chloe_pallete\page-templates\product.php on line 40
[29-Oct-2025 03:57:56 UTC] PHP Warning:  Invalid argument supplied for foreach() in D:\CuaSatWebsite\wp-content\themes\chloe_pallete\page-templates\product.php on line 40
[29-Oct-2025 06:22:11 UTC] PHP Notice:  Trying to access array offset on value of type int in D:\CuaSatWebsite\wp-content\themes\chloe_pallete\single.php on line 43
[29-Oct-2025 06:22:11 UTC] PHP Notice:  Trying to access array offset on value of type int in D:\CuaSatWebsite\wp-content\themes\chloe_pallete\single.php on line 43
[29-Oct-2025 06:22:11 UTC] PHP Notice:  Trying to access array offset on value of type int in D:\CuaSatWebsite\wp-content\themes\chloe_pallete\single.php on line 43
[29-Oct-2025 06:22:11 UTC] PHP Notice:  Trying to access array offset on value of type int in D:\CuaSatWebsite\wp-content\themes\chloe_pallete\single.php on line 43
[29-Oct-2025 06:22:11 UTC] PHP Warning:  Illegal string offset 'url' in D:\CuaSatWebsite\wp-content\themes\chloe_pallete\single.php on line 43
[29-Oct-2025 06:22:11 UTC] PHP Warning:  Illegal string offset 'alt' in D:\CuaSatWebsite\wp-content\themes\chloe_pallete\single.php on line 43
[29-Oct-2025 06:22:11 UTC] PHP Warning:  Illegal string offset 'url' in D:\CuaSatWebsite\wp-content\themes\chloe_pallete\single.php on line 43
[29-Oct-2025 06:22:11 UTC] PHP Warning:  Illegal string offset 'alt' in D:\CuaSatWebsite\wp-content\themes\chloe_pallete\single.php on line 43
[29-Oct-2025 06:22:11 UTC] PHP Notice:  Trying to access array offset on value of type int in D:\CuaSatWebsite\wp-content\themes\chloe_pallete\single.php on line 43
[29-Oct-2025 06:22:11 UTC] PHP Notice:  Trying to access array offset on value of type int in D:\CuaSatWebsite\wp-content\themes\chloe_pallete\single.php on line 43
[29-Oct-2025 06:22:11 UTC] PHP Warning:  Illegal string offset 'url' in D:\CuaSatWebsite\wp-content\themes\chloe_pallete\single.php on line 43
[29-Oct-2025 06:22:11 UTC] PHP Warning:  Illegal string offset 'alt' in D:\CuaSatWebsite\wp-content\themes\chloe_pallete\single.php on line 43
[29-Oct-2025 06:22:11 UTC] PHP Warning:  Illegal string offset 'url' in D:\CuaSatWebsite\wp-content\themes\chloe_pallete\single.php on line 43
[29-Oct-2025 06:22:11 UTC] PHP Warning:  Illegal string offset 'alt' in D:\CuaSatWebsite\wp-content\themes\chloe_pallete\single.php on line 43
[29-Oct-2025 06:22:11 UTC] PHP Warning:  Illegal string offset 'url' in D:\CuaSatWebsite\wp-content\themes\chloe_pallete\single.php on line 43
[29-Oct-2025 06:22:11 UTC] PHP Notice:  Uninitialized string offset: 0 in D:\CuaSatWebsite\wp-content\themes\chloe_pallete\single.php on line 43
[29-Oct-2025 06:22:11 UTC] PHP Warning:  Illegal string offset 'alt' in D:\CuaSatWebsite\wp-content\themes\chloe_pallete\single.php on line 43
[29-Oct-2025 06:22:11 UTC] PHP Notice:  Uninitialized string offset: 0 in D:\CuaSatWebsite\wp-content\themes\chloe_pallete\single.php on line 43
[29-Oct-2025 06:22:11 UTC] PHP Warning:  Illegal string offset 'url' in D:\CuaSatWebsite\wp-content\themes\chloe_pallete\single.php on line 43
[29-Oct-2025 06:22:11 UTC] PHP Warning:  Illegal string offset 'alt' in D:\CuaSatWebsite\wp-content\themes\chloe_pallete\single.php on line 43
[29-Oct-2025 06:22:11 UTC] PHP Warning:  Illegal string offset 'url' in D:\CuaSatWebsite\wp-content\themes\chloe_pallete\single.php on line 43
[29-Oct-2025 06:22:11 UTC] PHP Notice:  Uninitialized string offset: 0 in D:\CuaSatWebsite\wp-content\themes\chloe_pallete\single.php on line 43
[29-Oct-2025 06:22:11 UTC] PHP Warning:  Illegal string offset 'alt' in D:\CuaSatWebsite\wp-content\themes\chloe_pallete\single.php on line 43
[29-Oct-2025 06:22:11 UTC] PHP Notice:  Uninitialized string offset: 0 in D:\CuaSatWebsite\wp-content\themes\chloe_pallete\single.php on line 43
[29-Oct-2025 06:22:11 UTC] PHP Warning:  Illegal string offset 'url' in D:\CuaSatWebsite\wp-content\themes\chloe_pallete\single.php on line 43
[29-Oct-2025 06:22:11 UTC] PHP Notice:  Uninitialized string offset: 0 in D:\CuaSatWebsite\wp-content\themes\chloe_pallete\single.php on line 43
[29-Oct-2025 06:22:11 UTC] PHP Warning:  Illegal string offset 'alt' in D:\CuaSatWebsite\wp-content\themes\chloe_pallete\single.php on line 43
[29-Oct-2025 06:22:11 UTC] PHP Notice:  Uninitialized string offset: 0 in D:\CuaSatWebsite\wp-content\themes\chloe_pallete\single.php on line 43
[29-Oct-2025 06:22:11 UTC] PHP Warning:  Illegal string offset 'url' in D:\CuaSatWebsite\wp-content\themes\chloe_pallete\single.php on line 43
[29-Oct-2025 06:22:11 UTC] PHP Warning:  Illegal string offset 'alt' in D:\CuaSatWebsite\wp-content\themes\chloe_pallete\single.php on line 43
[29-Oct-2025 06:22:11 UTC] PHP Warning:  Illegal string offset 'url' in D:\CuaSatWebsite\wp-content\themes\chloe_pallete\single.php on line 43
[29-Oct-2025 06:22:11 UTC] PHP Warning:  Illegal string offset 'alt' in D:\CuaSatWebsite\wp-content\themes\chloe_pallete\single.php on line 43
[29-Oct-2025 06:22:11 UTC] PHP Notice:  Trying to access array offset on value of type int in D:\CuaSatWebsite\wp-content\themes\chloe_pallete\single.php on line 43
[29-Oct-2025 06:22:11 UTC] PHP Notice:  Trying to access array offset on value of type int in D:\CuaSatWebsite\wp-content\themes\chloe_pallete\single.php on line 43
[29-Oct-2025 06:22:11 UTC] PHP Warning:  Illegal string offset 'url' in D:\CuaSatWebsite\wp-content\themes\chloe_pallete\single.php on line 43
[29-Oct-2025 06:22:11 UTC] PHP Warning:  Illegal string offset 'alt' in D:\CuaSatWebsite\wp-content\themes\chloe_pallete\single.php on line 43
[29-Oct-2025 06:22:11 UTC] PHP Warning:  Illegal string offset 'url' in D:\CuaSatWebsite\wp-content\themes\chloe_pallete\single.php on line 43
[29-Oct-2025 06:22:11 UTC] PHP Warning:  Illegal string offset 'alt' in D:\CuaSatWebsite\wp-content\themes\chloe_pallete\single.php on line 43
[29-Oct-2025 06:22:11 UTC] PHP Notice:  Trying to access array offset on value of type int in D:\CuaSatWebsite\wp-content\themes\chloe_pallete\single.php on line 43
[29-Oct-2025 06:22:11 UTC] PHP Notice:  Trying to access array offset on value of type int in D:\CuaSatWebsite\wp-content\themes\chloe_pallete\single.php on line 43
[29-Oct-2025 06:22:11 UTC] PHP Warning:  Illegal string offset 'url' in D:\CuaSatWebsite\wp-content\themes\chloe_pallete\single.php on line 43
[29-Oct-2025 06:22:11 UTC] PHP Warning:  Illegal string offset 'alt' in D:\CuaSatWebsite\wp-content\themes\chloe_pallete\single.php on line 43
[29-Oct-2025 06:22:11 UTC] PHP Warning:  Illegal string offset 'url' in D:\CuaSatWebsite\wp-content\themes\chloe_pallete\single.php on line 43
[29-Oct-2025 06:22:11 UTC] PHP Warning:  Illegal string offset 'alt' in D:\CuaSatWebsite\wp-content\themes\chloe_pallete\single.php on line 43
[29-Oct-2025 06:22:11 UTC] PHP Warning:  Illegal string offset 'url' in D:\CuaSatWebsite\wp-content\themes\chloe_pallete\single.php on line 43
[29-Oct-2025 06:22:11 UTC] PHP Warning:  Illegal string offset 'alt' in D:\CuaSatWebsite\wp-content\themes\chloe_pallete\single.php on line 43
[29-Oct-2025 06:22:11 UTC] PHP Warning:  Illegal string offset 'url' in D:\CuaSatWebsite\wp-content\themes\chloe_pallete\single.php on line 43
[29-Oct-2025 06:22:11 UTC] PHP Warning:  Illegal string offset 'alt' in D:\CuaSatWebsite\wp-content\themes\chloe_pallete\single.php on line 43
[29-Oct-2025 06:22:11 UTC] PHP Notice:  Trying to access array offset on value of type int in D:\CuaSatWebsite\wp-content\themes\chloe_pallete\single.php on line 43
[29-Oct-2025 06:22:11 UTC] PHP Notice:  Trying to access array offset on value of type int in D:\CuaSatWebsite\wp-content\themes\chloe_pallete\single.php on line 43
[29-Oct-2025 06:22:11 UTC] PHP Notice:  Trying to access array offset on value of type int in D:\CuaSatWebsite\wp-content\themes\chloe_pallete\single.php on line 43
[29-Oct-2025 06:22:11 UTC] PHP Notice:  Trying to access array offset on value of type int in D:\CuaSatWebsite\wp-content\themes\chloe_pallete\single.php on line 43
[29-Oct-2025 06:22:11 UTC] PHP Notice:  Undefined index: url in D:\CuaSatWebsite\wp-content\themes\chloe_pallete\single.php on line 43
[29-Oct-2025 06:22:11 UTC] PHP Notice:  Undefined index: alt in D:\CuaSatWebsite\wp-content\themes\chloe_pallete\single.php on line 43
[29-Oct-2025 06:22:11 UTC] PHP Notice:  Trying to access array offset on value of type int in D:\CuaSatWebsite\wp-content\themes\chloe_pallete\single.php on line 54
[29-Oct-2025 06:22:11 UTC] PHP Notice:  Trying to access array offset on value of type int in D:\CuaSatWebsite\wp-content\themes\chloe_pallete\single.php on line 54
[29-Oct-2025 06:22:11 UTC] PHP Notice:  Trying to access array offset on value of type int in D:\CuaSatWebsite\wp-content\themes\chloe_pallete\single.php on line 54
[29-Oct-2025 06:22:11 UTC] PHP Notice:  Trying to access array offset on value of type int in D:\CuaSatWebsite\wp-content\themes\chloe_pallete\single.php on line 54
[29-Oct-2025 06:22:11 UTC] PHP Warning:  Illegal string offset 'url' in D:\CuaSatWebsite\wp-content\themes\chloe_pallete\single.php on line 54
[29-Oct-2025 06:22:11 UTC] PHP Warning:  Illegal string offset 'alt' in D:\CuaSatWebsite\wp-content\themes\chloe_pallete\single.php on line 54
[29-Oct-2025 06:22:11 UTC] PHP Warning:  Illegal string offset 'url' in D:\CuaSatWebsite\wp-content\themes\chloe_pallete\single.php on line 54
[29-Oct-2025 06:22:11 UTC] PHP Warning:  Illegal string offset 'alt' in D:\CuaSatWebsite\wp-content\themes\chloe_pallete\single.php on line 54
[29-Oct-2025 06:22:11 UTC] PHP Notice:  Trying to access array offset on value of type int in D:\CuaSatWebsite\wp-content\themes\chloe_pallete\single.php on line 54
[29-Oct-2025 06:22:11 UTC] PHP Notice:  Trying to access array offset on value of type int in D:\CuaSatWebsite\wp-content\themes\chloe_pallete\single.php on line 54
[29-Oct-2025 06:22:11 UTC] PHP Warning:  Illegal string offset 'url' in D:\CuaSatWebsite\wp-content\themes\chloe_pallete\single.php on line 54
[29-Oct-2025 06:22:11 UTC] PHP Warning:  Illegal string offset 'alt' in D:\CuaSatWebsite\wp-content\themes\chloe_pallete\single.php on line 54
[29-Oct-2025 06:22:11 UTC] PHP Warning:  Illegal string offset 'url' in D:\CuaSatWebsite\wp-content\themes\chloe_pallete\single.php on line 54
[29-Oct-2025 06:22:11 UTC] PHP Warning:  Illegal string offset 'alt' in D:\CuaSatWebsite\wp-content\themes\chloe_pallete\single.php on line 54
[29-Oct-2025 06:22:11 UTC] PHP Warning:  Illegal string offset 'url' in D:\CuaSatWebsite\wp-content\themes\chloe_pallete\single.php on line 54
[29-Oct-2025 06:22:11 UTC] PHP Notice:  Uninitialized string offset: 0 in D:\CuaSatWebsite\wp-content\themes\chloe_pallete\single.php on line 54
[29-Oct-2025 06:22:11 UTC] PHP Warning:  Illegal string offset 'alt' in D:\CuaSatWebsite\wp-content\themes\chloe_pallete\single.php on line 54
[29-Oct-2025 06:22:11 UTC] PHP Notice:  Uninitialized string offset: 0 in D:\CuaSatWebsite\wp-content\themes\chloe_pallete\single.php on line 54
[29-Oct-2025 06:22:11 UTC] PHP Warning:  Illegal string offset 'url' in D:\CuaSatWebsite\wp-content\themes\chloe_pallete\single.php on line 54
[29-Oct-2025 06:22:11 UTC] PHP Warning:  Illegal string offset 'alt' in D:\CuaSatWebsite\wp-content\themes\chloe_pallete\single.php on line 54
[29-Oct-2025 06:22:11 UTC] PHP Warning:  Illegal string offset 'url' in D:\CuaSatWebsite\wp-content\themes\chloe_pallete\single.php on line 54
[29-Oct-2025 06:22:11 UTC] PHP Notice:  Uninitialized string offset: 0 in D:\CuaSatWebsite\wp-content\themes\chloe_pallete\single.php on line 54
[29-Oct-2025 06:22:11 UTC] PHP Warning:  Illegal string offset 'alt' in D:\CuaSatWebsite\wp-content\themes\chloe_pallete\single.php on line 54
[29-Oct-2025 06:22:11 UTC] PHP Notice:  Uninitialized string offset: 0 in D:\CuaSatWebsite\wp-content\themes\chloe_pallete\single.php on line 54
[29-Oct-2025 06:22:11 UTC] PHP Warning:  Illegal string offset 'url' in D:\CuaSatWebsite\wp-content\themes\chloe_pallete\single.php on line 54
[29-Oct-2025 06:22:11 UTC] PHP Notice:  Uninitialized string offset: 0 in D:\CuaSatWebsite\wp-content\themes\chloe_pallete\single.php on line 54
[29-Oct-2025 06:22:11 UTC] PHP Warning:  Illegal string offset 'alt' in D:\CuaSatWebsite\wp-content\themes\chloe_pallete\single.php on line 54
[29-Oct-2025 06:22:11 UTC] PHP Notice:  Uninitialized string offset: 0 in D:\CuaSatWebsite\wp-content\themes\chloe_pallete\single.php on line 54
[29-Oct-2025 06:22:11 UTC] PHP Warning:  Illegal string offset 'url' in D:\CuaSatWebsite\wp-content\themes\chloe_pallete\single.php on line 54
[29-Oct-2025 06:22:11 UTC] PHP Warning:  Illegal string offset 'alt' in D:\CuaSatWebsite\wp-content\themes\chloe_pallete\single.php on line 54
[29-Oct-2025 06:22:11 UTC] PHP Warning:  Illegal string offset 'url' in D:\CuaSatWebsite\wp-content\themes\chloe_pallete\single.php on line 54
[29-Oct-2025 06:22:11 UTC] PHP Warning:  Illegal string offset 'alt' in D:\CuaSatWebsite\wp-content\themes\chloe_pallete\single.php on line 54
[29-Oct-2025 06:22:11 UTC] PHP Notice:  Trying to access array offset on value of type int in D:\CuaSatWebsite\wp-content\themes\chloe_pallete\single.php on line 54
[29-Oct-2025 06:22:11 UTC] PHP Notice:  Trying to access array offset on value of type int in D:\CuaSatWebsite\wp-content\themes\chloe_pallete\single.php on line 54
[29-Oct-2025 06:22:11 UTC] PHP Warning:  Illegal string offset 'url' in D:\CuaSatWebsite\wp-content\themes\chloe_pallete\single.php on line 54
[29-Oct-2025 06:22:11 UTC] PHP Warning:  Illegal string offset 'alt' in D:\CuaSatWebsite\wp-content\themes\chloe_pallete\single.php on line 54
[29-Oct-2025 06:22:11 UTC] PHP Warning:  Illegal string offset 'url' in D:\CuaSatWebsite\wp-content\themes\chloe_pallete\single.php on line 54
[29-Oct-2025 06:22:11 UTC] PHP Warning:  Illegal string offset 'alt' in D:\CuaSatWebsite\wp-content\themes\chloe_pallete\single.php on line 54
[29-Oct-2025 06:22:11 UTC] PHP Notice:  Trying to access array offset on value of type int in D:\CuaSatWebsite\wp-content\themes\chloe_pallete\single.php on line 54
[29-Oct-2025 06:22:11 UTC] PHP Notice:  Trying to access array offset on value of type int in D:\CuaSatWebsite\wp-content\themes\chloe_pallete\single.php on line 54
[29-Oct-2025 06:22:11 UTC] PHP Warning:  Illegal string offset 'url' in D:\CuaSatWebsite\wp-content\themes\chloe_pallete\single.php on line 54
[29-Oct-2025 06:22:11 UTC] PHP Warning:  Illegal string offset 'alt' in D:\CuaSatWebsite\wp-content\themes\chloe_pallete\single.php on line 54
[29-Oct-2025 06:22:11 UTC] PHP Warning:  Illegal string offset 'url' in D:\CuaSatWebsite\wp-content\themes\chloe_pallete\single.php on line 54
[29-Oct-2025 06:22:11 UTC] PHP Warning:  Illegal string offset 'alt' in D:\CuaSatWebsite\wp-content\themes\chloe_pallete\single.php on line 54
[29-Oct-2025 06:22:11 UTC] PHP Warning:  Illegal string offset 'url' in D:\CuaSatWebsite\wp-content\themes\chloe_pallete\single.php on line 54
[29-Oct-2025 06:22:11 UTC] PHP Warning:  Illegal string offset 'alt' in D:\CuaSatWebsite\wp-content\themes\chloe_pallete\single.php on line 54
[29-Oct-2025 06:22:11 UTC] PHP Warning:  Illegal string offset 'url' in D:\CuaSatWebsite\wp-content\themes\chloe_pallete\single.php on line 54
[29-Oct-2025 06:22:11 UTC] PHP Warning:  Illegal string offset 'alt' in D:\CuaSatWebsite\wp-content\themes\chloe_pallete\single.php on line 54
[29-Oct-2025 06:22:11 UTC] PHP Notice:  Trying to access array offset on value of type int in D:\CuaSatWebsite\wp-content\themes\chloe_pallete\single.php on line 54
[29-Oct-2025 06:22:11 UTC] PHP Notice:  Trying to access array offset on value of type int in D:\CuaSatWebsite\wp-content\themes\chloe_pallete\single.php on line 54
[29-Oct-2025 06:22:11 UTC] PHP Notice:  Trying to access array offset on value of type int in D:\CuaSatWebsite\wp-content\themes\chloe_pallete\single.php on line 54
[29-Oct-2025 06:22:11 UTC] PHP Notice:  Trying to access array offset on value of type int in D:\CuaSatWebsite\wp-content\themes\chloe_pallete\single.php on line 54
[29-Oct-2025 06:22:11 UTC] PHP Notice:  Undefined index: url in D:\CuaSatWebsite\wp-content\themes\chloe_pallete\single.php on line 54
[29-Oct-2025 06:22:11 UTC] PHP Notice:  Undefined index: alt in D:\CuaSatWebsite\wp-content\themes\chloe_pallete\single.php on line 54
[29-Oct-2025 14:57:31 UTC] PHP Warning:  mysqli_real_connect(): (HY000/2002): No connection could be made because the target machine actively refused it.
 in D:\CuaSatWebsite\wp-includes\class-wpdb.php on line 1988
[29-Oct-2025 14:57:37 UTC] PHP Warning:  mysqli_real_connect(): (HY000/2002): No connection could be made because the target machine actively refused it.
 in D:\CuaSatWebsite\wp-includes\class-wpdb.php on line 1988
[29-Oct-2025 14:58:28 UTC] PHP Warning:  mysqli_real_connect(): (HY000/2002): No connection could be made because the target machine actively refused it.
 in D:\CuaSatWebsite\wp-includes\class-wpdb.php on line 1988
[29-Oct-2025 14:58:55 UTC] PHP Warning:  mysqli_real_connect(): (HY000/2002): No connection could be made because the target machine actively refused it.
 in D:\CuaSatWebsite\wp-includes\class-wpdb.php on line 1988
[29-Oct-2025 15:34:17 UTC] PHP Notice:  Trying to access array offset on value of type null in D:\CuaSatWebsite\wp-content\themes\chloe_pallete\typerocket\vendor\typerocket\core\src\Http\Responders\PostsResponder.php on line 40
[29-Oct-2025 15:35:00 UTC] PHP Notice:  Trying to access array offset on value of type null in D:\CuaSatWebsite\wp-content\themes\chloe_pallete\typerocket\vendor\typerocket\core\src\Http\Responders\PostsResponder.php on line 40
[29-Oct-2025 15:35:00 UTC] PHP Notice:  Trying to access array offset on value of type null in D:\CuaSatWebsite\wp-content\themes\chloe_pallete\typerocket\vendor\typerocket\core\src\Http\Responders\PostsResponder.php on line 40
[29-Oct-2025 15:35:16 UTC] PHP Notice:  Trying to access array offset on value of type null in D:\CuaSatWebsite\wp-content\themes\chloe_pallete\typerocket\vendor\typerocket\core\src\Http\Responders\PostsResponder.php on line 40
[29-Oct-2025 15:36:12 UTC] PHP Notice:  Trying to access array offset on value of type null in D:\CuaSatWebsite\wp-content\themes\chloe_pallete\typerocket\vendor\typerocket\core\src\Http\Responders\PostsResponder.php on line 40
[29-Oct-2025 15:36:12 UTC] PHP Notice:  Trying to access array offset on value of type null in D:\CuaSatWebsite\wp-content\themes\chloe_pallete\typerocket\vendor\typerocket\core\src\Http\Responders\PostsResponder.php on line 40
[29-Oct-2025 15:36:35 UTC] PHP Notice:  Trying to access array offset on value of type null in D:\CuaSatWebsite\wp-content\themes\chloe_pallete\typerocket\vendor\typerocket\core\src\Http\Responders\PostsResponder.php on line 40
[29-Oct-2025 15:36:35 UTC] PHP Notice:  Trying to access array offset on value of type null in D:\CuaSatWebsite\wp-content\themes\chloe_pallete\typerocket\vendor\typerocket\core\src\Http\Responders\PostsResponder.php on line 40
[29-Oct-2025 16:14:01 UTC] PHP Notice:  Trying to access array offset on value of type null in D:\CuaSatWebsite\wp-content\themes\chloe_pallete\typerocket\vendor\typerocket\core\src\Http\Responders\PostsResponder.php on line 40
[29-Oct-2025 16:40:31 UTC] PHP Notice:  Trying to access array offset on value of type null in D:\CuaSatWebsite\wp-content\themes\chloe_pallete\typerocket\vendor\typerocket\core\src\Http\Responders\TaxonomiesResponder.php on line 32
[29-Oct-2025 16:40:49 UTC] PHP Notice:  Trying to access array offset on value of type null in D:\CuaSatWebsite\wp-content\themes\chloe_pallete\typerocket\vendor\typerocket\core\src\Http\Responders\TaxonomiesResponder.php on line 32
[29-Oct-2025 16:41:01 UTC] PHP Notice:  Trying to access array offset on value of type null in D:\CuaSatWebsite\wp-content\themes\chloe_pallete\typerocket\vendor\typerocket\core\src\Http\Responders\PostsResponder.php on line 40
[29-Oct-2025 16:41:57 UTC] PHP Notice:  Trying to access array offset on value of type null in D:\CuaSatWebsite\wp-content\themes\chloe_pallete\typerocket\vendor\typerocket\core\src\Http\Responders\PostsResponder.php on line 40
[29-Oct-2025 16:44:53 UTC] PHP Notice:  Trying to access array offset on value of type null in D:\CuaSatWebsite\wp-content\themes\chloe_pallete\typerocket\vendor\typerocket\core\src\Http\Responders\PostsResponder.php on line 40
[29-Oct-2025 16:57:19 UTC] PHP Notice:  Trying to access array offset on value of type null in D:\CuaSatWebsite\wp-content\themes\chloe_pallete\typerocket\vendor\typerocket\core\src\Http\Responders\PostsResponder.php on line 40
[29-Oct-2025 16:57:19 UTC] PHP Notice:  Trying to access array offset on value of type null in D:\CuaSatWebsite\wp-content\themes\chloe_pallete\typerocket\vendor\typerocket\core\src\Http\Responders\PostsResponder.php on line 40
[29-Oct-2025 16:57:35 UTC] PHP Notice:  Trying to access array offset on value of type null in D:\CuaSatWebsite\wp-content\themes\chloe_pallete\typerocket\vendor\typerocket\core\src\Http\Responders\PostsResponder.php on line 40
[29-Oct-2025 16:59:03 UTC] PHP Notice:  Trying to access array offset on value of type null in D:\CuaSatWebsite\wp-content\themes\chloe_pallete\typerocket\vendor\typerocket\core\src\Http\Responders\PostsResponder.php on line 40
[29-Oct-2025 16:59:03 UTC] PHP Notice:  Trying to access array offset on value of type null in D:\CuaSatWebsite\wp-content\themes\chloe_pallete\typerocket\vendor\typerocket\core\src\Http\Responders\PostsResponder.php on line 40
[29-Oct-2025 16:59:38 UTC] PHP Notice:  Trying to access array offset on value of type null in D:\CuaSatWebsite\wp-content\themes\chloe_pallete\typerocket\vendor\typerocket\core\src\Http\Responders\TaxonomiesResponder.php on line 32
[29-Oct-2025 16:59:43 UTC] PHP Notice:  Trying to access array offset on value of type null in D:\CuaSatWebsite\wp-content\themes\chloe_pallete\typerocket\vendor\typerocket\core\src\Http\Responders\TaxonomiesResponder.php on line 32
[29-Oct-2025 16:59:51 UTC] PHP Notice:  Trying to access array offset on value of type null in D:\CuaSatWebsite\wp-content\themes\chloe_pallete\typerocket\vendor\typerocket\core\src\Http\Responders\PostsResponder.php on line 40
[29-Oct-2025 17:02:28 UTC] PHP Notice:  Trying to access array offset on value of type null in D:\CuaSatWebsite\wp-content\themes\chloe_pallete\typerocket\vendor\typerocket\core\src\Http\Responders\PostsResponder.php on line 40
[29-Oct-2025 17:02:28 UTC] PHP Notice:  Trying to access array offset on value of type null in D:\CuaSatWebsite\wp-content\themes\chloe_pallete\typerocket\vendor\typerocket\core\src\Http\Responders\PostsResponder.php on line 40
[30-Oct-2025 04:44:14 UTC] PHP Notice:  Trying to access array offset on value of type null in D:\CuaSatWebsite\wp-content\themes\chloe_pallete\typerocket\vendor\typerocket\core\src\Http\Responders\TaxonomiesResponder.php on line 32
[30-Oct-2025 04:44:28 UTC] PHP Notice:  Trying to access array offset on value of type null in D:\CuaSatWebsite\wp-content\themes\chloe_pallete\typerocket\vendor\typerocket\core\src\Http\Responders\TaxonomiesResponder.php on line 32
[30-Oct-2025 04:44:41 UTC] PHP Notice:  Trying to access array offset on value of type null in D:\CuaSatWebsite\wp-content\themes\chloe_pallete\typerocket\vendor\typerocket\core\src\Http\Responders\TaxonomiesResponder.php on line 32
[30-Oct-2025 04:44:50 UTC] PHP Notice:  Trying to access array offset on value of type null in D:\CuaSatWebsite\wp-content\themes\chloe_pallete\typerocket\vendor\typerocket\core\src\Http\Responders\TaxonomiesResponder.php on line 32
[30-Oct-2025 05:24:06 UTC] PHP Fatal error:  Uncaught Error: Call to undefined function is_menu_active() in D:\CuaSatWebsite\wp-content\themes\chloe_pallete\header.php:160
Stack trace:
#0 D:\CuaSatWebsite\wp-includes\template.php(810): require_once()
#1 D:\CuaSatWebsite\wp-includes\template.php(745): load_template()
#2 D:\CuaSatWebsite\wp-includes\general-template.php(48): locate_template()
#3 D:\CuaSatWebsite\wp-content\themes\chloe_pallete\taxonomy-dich-vu-phan-loai.php(10): get_header()
#4 D:\CuaSatWebsite\wp-includes\template-loader.php(106): include('D:\\CuaSatWebsit...')
#5 D:\CuaSatWebsite\wp-blog-header.php(19): require_once('D:\\CuaSatWebsit...')
#6 D:\CuaSatWebsite\index.php(17): require('D:\\CuaSatWebsit...')
#7 {main}
  thrown in D:\CuaSatWebsite\wp-content\themes\chloe_pallete\header.php on line 160
[30-Oct-2025 08:24:13 UTC] PHP Notice:  Trying to access array offset on value of type null in D:\CuaSatWebsite\wp-content\themes\chloe_pallete\typerocket\vendor\typerocket\core\src\Http\Responders\PostsResponder.php on line 40
[30-Oct-2025 08:24:34 UTC] PHP Notice:  Trying to access array offset on value of type null in D:\CuaSatWebsite\wp-content\themes\chloe_pallete\typerocket\vendor\typerocket\core\src\Http\Responders\PostsResponder.php on line 40
[30-Oct-2025 08:25:30 UTC] PHP Notice:  Trying to access array offset on value of type null in D:\CuaSatWebsite\wp-content\themes\chloe_pallete\typerocket\vendor\typerocket\core\src\Http\Responders\PostsResponder.php on line 40
[30-Oct-2025 08:25:30 UTC] PHP Notice:  Trying to access array offset on value of type null in D:\CuaSatWebsite\wp-content\themes\chloe_pallete\typerocket\vendor\typerocket\core\src\Http\Responders\PostsResponder.php on line 40
[30-Oct-2025 08:26:01 UTC] PHP Notice:  Trying to access array offset on value of type null in D:\CuaSatWebsite\wp-content\themes\chloe_pallete\typerocket\vendor\typerocket\core\src\Http\Responders\PostsResponder.php on line 40
[31-Oct-2025 08:53:28 UTC] PHP Warning:  wp_version_check(): Đã xảy ra lỗi không mong muốn. Có thể có sự cố với WordPress.org hoặc cấu hình của máy chủ. Nếu bạn tiếp tục gặp sự cố, vui lòng thử hỏi trong <a href="https://wordpress.org/support/forums/">diễn đàn hỗ trợ</a>. (WordPress không thể thiết lập kết nối an toàn tới WordPress.org. Vui lòng liên hệ quản trị máy chủ của bạn.) in D:\CuaSatWebsite\wp-includes\functions.php on line 6121
[01-Nov-2025 07:48:07 UTC] PHP Notice:  Trying to access array offset on value of type null in D:\CuaSatWebsite\wp-content\themes\chloe_pallete\typerocket\vendor\typerocket\core\src\Http\Responders\PostsResponder.php on line 40
[01-Nov-2025 07:54:34 UTC] PHP Notice:  Trying to access array offset on value of type null in D:\CuaSatWebsite\wp-content\themes\chloe_pallete\typerocket\vendor\typerocket\core\src\Http\Responders\PostsResponder.php on line 40
[01-Nov-2025 07:54:41 UTC] PHP Notice:  Trying to access array offset on value of type null in D:\CuaSatWebsite\wp-content\themes\chloe_pallete\typerocket\vendor\typerocket\core\src\Http\Responders\PostsResponder.php on line 40
[01-Nov-2025 07:55:36 UTC] PHP Notice:  Trying to access array offset on value of type null in D:\CuaSatWebsite\wp-content\themes\chloe_pallete\typerocket\vendor\typerocket\core\src\Http\Responders\PostsResponder.php on line 40
[01-Nov-2025 07:55:36 UTC] PHP Notice:  Trying to access array offset on value of type null in D:\CuaSatWebsite\wp-content\themes\chloe_pallete\typerocket\vendor\typerocket\core\src\Http\Responders\PostsResponder.php on line 40
[01-Nov-2025 07:55:36 UTC] PHP Notice:  Trying to access array offset on value of type null in D:\CuaSatWebsite\wp-content\themes\chloe_pallete\typerocket\vendor\typerocket\core\src\Http\Responders\PostsResponder.php on line 40
[01-Nov-2025 08:38:20 UTC] PHP Notice:  Trying to access array offset on value of type null in D:\CuaSatWebsite\wp-content\themes\chloe_pallete\typerocket\vendor\typerocket\core\src\Http\Responders\PostsResponder.php on line 40
[01-Nov-2025 08:39:13 UTC] PHP Notice:  Trying to access array offset on value of type null in D:\CuaSatWebsite\wp-content\themes\chloe_pallete\typerocket\vendor\typerocket\core\src\Http\Responders\PostsResponder.php on line 40
[01-Nov-2025 08:39:13 UTC] PHP Notice:  Trying to access array offset on value of type null in D:\CuaSatWebsite\wp-content\themes\chloe_pallete\typerocket\vendor\typerocket\core\src\Http\Responders\PostsResponder.php on line 40
[01-Nov-2025 08:39:13 UTC] PHP Notice:  Trying to access array offset on value of type null in D:\CuaSatWebsite\wp-content\themes\chloe_pallete\typerocket\vendor\typerocket\core\src\Http\Responders\PostsResponder.php on line 40
[01-Nov-2025 08:39:35 UTC] PHP Notice:  Trying to access array offset on value of type null in D:\CuaSatWebsite\wp-content\themes\chloe_pallete\typerocket\vendor\typerocket\core\src\Http\Responders\PostsResponder.php on line 40
[01-Nov-2025 08:39:49 UTC] PHP Notice:  Trying to access array offset on value of type null in D:\CuaSatWebsite\wp-content\themes\chloe_pallete\typerocket\vendor\typerocket\core\src\Http\Responders\PostsResponder.php on line 40
[01-Nov-2025 09:03:26 UTC] PHP Notice:  Trying to access array offset on value of type null in D:\CuaSatWebsite\wp-content\themes\chloe_pallete\typerocket\vendor\typerocket\core\src\Http\Responders\PostsResponder.php on line 40
[01-Nov-2025 09:03:35 UTC] PHP Notice:  Trying to access array offset on value of type null in D:\CuaSatWebsite\wp-content\themes\chloe_pallete\typerocket\vendor\typerocket\core\src\Http\Responders\PostsResponder.php on line 40
[01-Nov-2025 09:03:39 UTC] PHP Notice:  Trying to access array offset on value of type null in D:\CuaSatWebsite\wp-content\themes\chloe_pallete\typerocket\vendor\typerocket\core\src\Http\Responders\PostsResponder.php on line 40
[01-Nov-2025 09:03:42 UTC] PHP Notice:  Trying to access array offset on value of type null in D:\CuaSatWebsite\wp-content\themes\chloe_pallete\typerocket\vendor\typerocket\core\src\Http\Responders\PostsResponder.php on line 40
[01-Nov-2025 09:03:46 UTC] PHP Notice:  Trying to access array offset on value of type null in D:\CuaSatWebsite\wp-content\themes\chloe_pallete\typerocket\vendor\typerocket\core\src\Http\Responders\PostsResponder.php on line 40
[01-Nov-2025 09:03:50 UTC] PHP Notice:  Trying to access array offset on value of type null in D:\CuaSatWebsite\wp-content\themes\chloe_pallete\typerocket\vendor\typerocket\core\src\Http\Responders\PostsResponder.php on line 40
[01-Nov-2025 09:03:54 UTC] PHP Notice:  Trying to access array offset on value of type null in D:\CuaSatWebsite\wp-content\themes\chloe_pallete\typerocket\vendor\typerocket\core\src\Http\Responders\PostsResponder.php on line 40
[01-Nov-2025 09:04:03 UTC] PHP Notice:  Trying to access array offset on value of type null in D:\CuaSatWebsite\wp-content\themes\chloe_pallete\typerocket\vendor\typerocket\core\src\Http\Responders\PostsResponder.php on line 40
[01-Nov-2025 09:04:19 UTC] PHP Notice:  Trying to access array offset on value of type null in D:\CuaSatWebsite\wp-content\themes\chloe_pallete\typerocket\vendor\typerocket\core\src\Http\Responders\PostsResponder.php on line 40
[01-Nov-2025 09:04:30 UTC] PHP Notice:  Trying to access array offset on value of type null in D:\CuaSatWebsite\wp-content\themes\chloe_pallete\typerocket\vendor\typerocket\core\src\Http\Responders\PostsResponder.php on line 40
[01-Nov-2025 09:04:35 UTC] PHP Notice:  Trying to access array offset on value of type null in D:\CuaSatWebsite\wp-content\themes\chloe_pallete\typerocket\vendor\typerocket\core\src\Http\Responders\PostsResponder.php on line 40
[01-Nov-2025 09:04:41 UTC] PHP Notice:  Trying to access array offset on value of type null in D:\CuaSatWebsite\wp-content\themes\chloe_pallete\typerocket\vendor\typerocket\core\src\Http\Responders\PostsResponder.php on line 40
[01-Nov-2025 09:04:46 UTC] PHP Notice:  Trying to access array offset on value of type null in D:\CuaSatWebsite\wp-content\themes\chloe_pallete\typerocket\vendor\typerocket\core\src\Http\Responders\PostsResponder.php on line 40
[01-Nov-2025 09:04:51 UTC] PHP Notice:  Trying to access array offset on value of type null in D:\CuaSatWebsite\wp-content\themes\chloe_pallete\typerocket\vendor\typerocket\core\src\Http\Responders\PostsResponder.php on line 40
[01-Nov-2025 16:16:50 UTC] PHP Notice:  Undefined variable: current_term in D:\CuaSatWebsite\wp-content\themes\chloe_pallete\category.php on line 115
[01-Nov-2025 16:16:50 UTC] PHP Notice:  Undefined variable: current_term in D:\CuaSatWebsite\wp-content\themes\chloe_pallete\category.php on line 116
[01-Nov-2025 16:16:56 UTC] PHP Notice:  Undefined variable: current_term in D:\CuaSatWebsite\wp-content\themes\chloe_pallete\category.php on line 115
[01-Nov-2025 16:16:56 UTC] PHP Notice:  Undefined variable: current_term in D:\CuaSatWebsite\wp-content\themes\chloe_pallete\category.php on line 116
[01-Nov-2025 16:17:13 UTC] PHP Notice:  Undefined variable: current_term in D:\CuaSatWebsite\wp-content\themes\chloe_pallete\category.php on line 115
[01-Nov-2025 16:17:13 UTC] PHP Notice:  Undefined variable: current_term in D:\CuaSatWebsite\wp-content\themes\chloe_pallete\category.php on line 116
[01-Nov-2025 16:20:01 UTC] PHP Notice:  Undefined variable: current_term in D:\CuaSatWebsite\wp-content\themes\chloe_pallete\category.php on line 115
